[2025-12-16 21:44:22] laravel.EMERGENCY: Unable to create configured logger. Using emergency logger. {"exception":"[object] (InvalidArgumentException(code: 0): Log [] is not defined. at /home/runner/work/WordpressInLaravel/WordpressInLaravel/vendor/laravel/framework/src/Illuminate/Log/LogManager.php:212)
[stacktrace]
#0 /home/runner/work/WordpressInLaravel/WordpressInLaravel/vendor/laravel/framework/src/Illuminate/Log/LogManager.php(137): Illuminate\\Log\\LogManager->resolve()
#1 /home/runner/work/WordpressInLaravel/WordpressInLaravel/vendor/laravel/framework/src/Illuminate/Log/LogManager.php(124): Illuminate\\Log\\LogManager->get()
#2 /home/runner/work/WordpressInLaravel/WordpressInLaravel/vendor/laravel/framework/src/Illuminate/Log/LogManager.php(681): Illuminate\\Log\\LogManager->driver()
#3 /home/runner/work/WordpressInLaravel/WordpressInLaravel/vendor/laravel/framework/src/Illuminate/Foundation/Exceptions/Handler.php(317): Illuminate\\Log\\LogManager->error()
#4 /home/runner/work/WordpressInLaravel/WordpressInLaravel/vendor/laravel/framework/src/Illuminate/Foundation/Exceptions/Handler.php(278): Illuminate\\Foundation\\Exceptions\\Handler->reportThrowable()
#5 /home/runner/work/WordpressInLaravel/WordpressInLaravel/vendor/laravel/framework/src/Illuminate/Foundation/Console/Kernel.php(523): Illuminate\\Foundation\\Exceptions\\Handler->report()
#6 /home/runner/work/WordpressInLaravel/WordpressInLaravel/vendor/laravel/framework/src/Illuminate/Foundation/Console/Kernel.php(203): Illuminate\\Foundation\\Console\\Kernel->reportException()
#7 /home/runner/work/WordpressInLaravel/WordpressInLaravel/artisan(33): Illuminate\\Foundation\\Console\\Kernel->handle()
#8 {main}
"} 
[2025-12-16 21:44:22] laravel.ERROR: The /home/runner/work/WordpressInLaravel/WordpressInLaravel/bootstrap/cache directory must be present and writable. {"exception":"[object] (Exception(code: 0): The /home/runner/work/WordpressInLaravel/WordpressInLaravel/bootstrap/cache directory must be present and writable. at /home/runner/work/WordpressInLaravel/WordpressInLaravel/vendor/laravel/framework/src/Illuminate/Foundation/PackageManifest.php:178)
[stacktrace]
#0 /home/runner/work/WordpressInLaravel/WordpressInLaravel/vendor/laravel/framework/src/Illuminate/Foundation/PackageManifest.php(131): Illuminate\\Foundation\\PackageManifest->write()
#1 /home/runner/work/WordpressInLaravel/WordpressInLaravel/vendor/laravel/framework/src/Illuminate/Foundation/PackageManifest.php(107): Illuminate\\Foundation\\PackageManifest->build()
#2 /home/runner/work/WordpressInLaravel/WordpressInLaravel/vendor/laravel/framework/src/Illuminate/Foundation/PackageManifest.php(90): Illuminate\\Foundation\\PackageManifest->getManifest()
#3 /home/runner/work/WordpressInLaravel/WordpressInLaravel/vendor/laravel/framework/src/Illuminate/Foundation/PackageManifest.php(79): Illuminate\\Foundation\\PackageManifest->config()
#4 /home/runner/work/WordpressInLaravel/WordpressInLaravel/vendor/laravel/framework/src/Illuminate/Foundation/Bootstrap/RegisterFacades.php(26): Illuminate\\Foundation\\PackageManifest->aliases()
#5 /home/runner/work/WordpressInLaravel/WordpressInLaravel/vendor/laravel/framework/src/Illuminate/Foundation/Application.php(286): Illuminate\\Foundation\\Bootstrap\\RegisterFacades->bootstrap()
#6 /home/runner/work/WordpressInLaravel/WordpressInLaravel/vendor/laravel/framework/src/Illuminate/Foundation/Console/Kernel.php(447): Illuminate\\Foundation\\Application->bootstrapWith()
#7 /home/runner/work/WordpressInLaravel/WordpressInLaravel/vendor/laravel/framework/src/Illuminate/Foundation/Console/Kernel.php(199): Illuminate\\Foundation\\Console\\Kernel->bootstrap()
#8 /home/runner/work/WordpressInLaravel/WordpressInLaravel/artisan(33): Illuminate\\Foundation\\Console\\Kernel->handle()
#9 {main}
"} 
[2025-12-16 21:44:40] laravel.EMERGENCY: Unable to create configured logger. Using emergency logger. {"exception":"[object] (InvalidArgumentException(code: 0): Log [] is not defined. at /home/runner/work/WordpressInLaravel/WordpressInLaravel/vendor/laravel/framework/src/Illuminate/Log/LogManager.php:212)
[stacktrace]
#0 /home/runner/work/WordpressInLaravel/WordpressInLaravel/vendor/laravel/framework/src/Illuminate/Log/LogManager.php(137): Illuminate\\Log\\LogManager->resolve()
#1 /home/runner/work/WordpressInLaravel/WordpressInLaravel/vendor/laravel/framework/src/Illuminate/Log/LogManager.php(124): Illuminate\\Log\\LogManager->get()
#2 /home/runner/work/WordpressInLaravel/WordpressInLaravel/vendor/laravel/framework/src/Illuminate/Log/LogManager.php(681): Illuminate\\Log\\LogManager->driver()
#3 /home/runner/work/WordpressInLaravel/WordpressInLaravel/vendor/laravel/framework/src/Illuminate/Foundation/Exceptions/Handler.php(317): Illuminate\\Log\\LogManager->error()
#4 /home/runner/work/WordpressInLaravel/WordpressInLaravel/vendor/laravel/framework/src/Illuminate/Foundation/Exceptions/Handler.php(278): Illuminate\\Foundation\\Exceptions\\Handler->reportThrowable()
#5 /home/runner/work/WordpressInLaravel/WordpressInLaravel/vendor/laravel/framework/src/Illuminate/Foundation/Console/Kernel.php(523): Illuminate\\Foundation\\Exceptions\\Handler->report()
#6 /home/runner/work/WordpressInLaravel/WordpressInLaravel/vendor/laravel/framework/src/Illuminate/Foundation/Console/Kernel.php(203): Illuminate\\Foundation\\Console\\Kernel->reportException()
#7 /home/runner/work/WordpressInLaravel/WordpressInLaravel/artisan(33): Illuminate\\Foundation\\Console\\Kernel->handle()
#8 {main}
"} 
[2025-12-16 21:44:40] laravel.ERROR: Class "Collective\Html\HtmlServiceProvider" not found {"exception":"[object] (Error(code: 0): Class \"Collective\\Html\\HtmlServiceProvider\" not found at /home/runner/work/WordpressInLaravel/WordpressInLaravel/vendor/laravel/framework/src/Illuminate/Foundation/ProviderRepository.php:206)
[stacktrace]
#0 /home/runner/work/WordpressInLaravel/WordpressInLaravel/vendor/laravel/framework/src/Illuminate/Foundation/ProviderRepository.php(142): Illuminate\\Foundation\\ProviderRepository->createProvider()
#1 /home/runner/work/WordpressInLaravel/WordpressInLaravel/vendor/laravel/framework/src/Illuminate/Foundation/ProviderRepository.php(61): Illuminate\\Foundation\\ProviderRepository->compileManifest()
#2 /home/runner/work/WordpressInLaravel/WordpressInLaravel/vendor/laravel/framework/src/Illuminate/Foundation/Application.php(794): Illuminate\\Foundation\\ProviderRepository->load()
#3 /home/runner/work/WordpressInLaravel/WordpressInLaravel/vendor/laravel/framework/src/Illuminate/Foundation/Bootstrap/RegisterProviders.php(17): Illuminate\\Foundation\\Application->registerConfiguredProviders()
#4 /home/runner/work/WordpressInLaravel/WordpressInLaravel/vendor/laravel/framework/src/Illuminate/Foundation/Application.php(286): Illuminate\\Foundation\\Bootstrap\\RegisterProviders->bootstrap()
#5 /home/runner/work/WordpressInLaravel/WordpressInLaravel/vendor/laravel/framework/src/Illuminate/Foundation/Console/Kernel.php(447): Illuminate\\Foundation\\Application->bootstrapWith()
#6 /home/runner/work/WordpressInLaravel/WordpressInLaravel/vendor/laravel/framework/src/Illuminate/Foundation/Console/Kernel.php(199): Illuminate\\Foundation\\Console\\Kernel->bootstrap()
#7 /home/runner/work/WordpressInLaravel/WordpressInLaravel/artisan(33): Illuminate\\Foundation\\Console\\Kernel->handle()
#8 {main}
"} 
[2025-12-16 21:45:31] laravel.EMERGENCY: Unable to create configured logger. Using emergency logger. {"exception":"[object] (InvalidArgumentException(code: 0): Log [] is not defined. at /home/runner/work/WordpressInLaravel/WordpressInLaravel/vendor/laravel/framework/src/Illuminate/Log/LogManager.php:212)
[stacktrace]
#0 /home/runner/work/WordpressInLaravel/WordpressInLaravel/vendor/laravel/framework/src/Illuminate/Log/LogManager.php(137): Illuminate\\Log\\LogManager->resolve()
#1 /home/runner/work/WordpressInLaravel/WordpressInLaravel/vendor/laravel/framework/src/Illuminate/Log/LogManager.php(124): Illuminate\\Log\\LogManager->get()
#2 /home/runner/work/WordpressInLaravel/WordpressInLaravel/vendor/laravel/framework/src/Illuminate/Log/LogManager.php(681): Illuminate\\Log\\LogManager->driver()
#3 /home/runner/work/WordpressInLaravel/WordpressInLaravel/vendor/laravel/framework/src/Illuminate/Foundation/Exceptions/Handler.php(317): Illuminate\\Log\\LogManager->error()
#4 /home/runner/work/WordpressInLaravel/WordpressInLaravel/vendor/laravel/framework/src/Illuminate/Foundation/Exceptions/Handler.php(278): Illuminate\\Foundation\\Exceptions\\Handler->reportThrowable()
#5 /home/runner/work/WordpressInLaravel/WordpressInLaravel/vendor/laravel/framework/src/Illuminate/Foundation/Bootstrap/HandleExceptions.php(183): Illuminate\\Foundation\\Exceptions\\Handler->report()
#6 /home/runner/work/WordpressInLaravel/WordpressInLaravel/vendor/laravel/framework/src/Illuminate/Foundation/Bootstrap/HandleExceptions.php(231): Illuminate\\Foundation\\Bootstrap\\HandleExceptions->handleException()
#7 /home/runner/work/WordpressInLaravel/WordpressInLaravel/vendor/laravel/framework/src/Illuminate/Foundation/Bootstrap/HandleExceptions.php(255): Illuminate\\Foundation\\Bootstrap\\HandleExceptions->handleShutdown()
#8 [internal function]: Illuminate\\Foundation\\Bootstrap\\HandleExceptions->Illuminate\\Foundation\\Bootstrap\\{closure}()
#9 {main}
"} 
[2025-12-16 21:45:31] laravel.ERROR: Declaration of App\Providers\EventServiceProvider::boot(Illuminate\Contracts\Events\Dispatcher $events) must be compatible with Illuminate\Foundation\Support\Providers\EventServiceProvider::boot() {"exception":"[object] (Symfony\\Component\\ErrorHandler\\Error\\FatalError(code: 0): Declaration of App\\Providers\\EventServiceProvider::boot(Illuminate\\Contracts\\Events\\Dispatcher $events) must be compatible with Illuminate\\Foundation\\Support\\Providers\\EventServiceProvider::boot() at /home/runner/work/WordpressInLaravel/WordpressInLaravel/app/Providers/EventServiceProvider.php:27)
[stacktrace]
#0 /home/runner/work/WordpressInLaravel/WordpressInLaravel/vendor/laravel/framework/src/Illuminate/Foundation/Bootstrap/HandleExceptions.php(244): Symfony\\Component\\ErrorHandler\\Error\\FatalError->__construct(message: '...', code: '...', error: '...', traceOffset: '...', traceArgs: '...', trace: '...')
#1 /home/runner/work/WordpressInLaravel/WordpressInLaravel/vendor/laravel/framework/src/Illuminate/Foundation/Bootstrap/HandleExceptions.php(231): Illuminate\\Foundation\\Bootstrap\\HandleExceptions->fatalErrorFromPhpError(error: '...', traceOffset: '...')
#2 /home/runner/work/WordpressInLaravel/WordpressInLaravel/vendor/laravel/framework/src/Illuminate/Foundation/Bootstrap/HandleExceptions.php(255): Illuminate\\Foundation\\Bootstrap\\HandleExceptions->handleShutdown()
#3 /home/runner/work/WordpressInLaravel/WordpressInLaravel/vendor/laravel/framework/src/Illuminate/Foundation/Bootstrap/HandleExceptions.php(0): Illuminate\\Foundation\\Bootstrap\\HandleExceptions->Illuminate\\Foundation\\Bootstrap\\{closure:/home/runner/work/WordpressInLaravel/WordpressInLaravel/vendor/laravel/framework/src/Illuminate/Foundation/Bootstrap/HandleExceptions.php:254-256}()
#4 /home/runner/work/WordpressInLaravel/WordpressInLaravel/vendor/composer/ClassLoader.php(576): ()
#5 /home/runner/work/WordpressInLaravel/WordpressInLaravel/vendor/composer/ClassLoader.php(427): Composer\\Autoload\\{closure:/home/runner/work/WordpressInLaravel/WordpressInLaravel/vendor/composer/ClassLoader.php:575-577}(file: '...')
#6 /home/runner/work/WordpressInLaravel/WordpressInLaravel/vendor/laravel/framework/src/Illuminate/Foundation/ProviderRepository.php(206): Composer\\Autoload\\ClassLoader->loadClass(class: '...')
#7 /home/runner/work/WordpressInLaravel/WordpressInLaravel/vendor/laravel/framework/src/Illuminate/Foundation/ProviderRepository.php(142): Illuminate\\Foundation\\ProviderRepository->createProvider(provider: '...')
#8 /home/runner/work/WordpressInLaravel/WordpressInLaravel/vendor/laravel/framework/src/Illuminate/Foundation/ProviderRepository.php(61): Illuminate\\Foundation\\ProviderRepository->compileManifest(providers: '...')
#9 /home/runner/work/WordpressInLaravel/WordpressInLaravel/vendor/laravel/framework/src/Illuminate/Foundation/Application.php(794): Illuminate\\Foundation\\ProviderRepository->load(providers: '...')
#10 /home/runner/work/WordpressInLaravel/WordpressInLaravel/vendor/laravel/framework/src/Illuminate/Foundation/Bootstrap/RegisterProviders.php(17): Illuminate\\Foundation\\Application->registerConfiguredProviders()
#11 /home/runner/work/WordpressInLaravel/WordpressInLaravel/vendor/laravel/framework/src/Illuminate/Foundation/Application.php(286): Illuminate\\Foundation\\Bootstrap\\RegisterProviders->bootstrap(app: '...')
#12 /home/runner/work/WordpressInLaravel/WordpressInLaravel/vendor/laravel/framework/src/Illuminate/Foundation/Console/Kernel.php(447): Illuminate\\Foundation\\Application->bootstrapWith(bootstrappers: '...')
#13 /home/runner/work/WordpressInLaravel/WordpressInLaravel/vendor/laravel/framework/src/Illuminate/Foundation/Console/Kernel.php(199): App\\Console\\Kernel->bootstrap()
#14 /home/runner/work/WordpressInLaravel/WordpressInLaravel/artisan(33): App\\Console\\Kernel->handle(input: '...', output: '...')
#15 /home/runner/work/WordpressInLaravel/WordpressInLaravel/artisan(0): {main}()
#16 {main}
"} 
[2025-12-16 21:46:04] laravel.EMERGENCY: Unable to create configured logger. Using emergency logger. {"exception":"[object] (InvalidArgumentException(code: 0): Log [] is not defined. at /home/runner/work/WordpressInLaravel/WordpressInLaravel/vendor/laravel/framework/src/Illuminate/Log/LogManager.php:212)
[stacktrace]
#0 /home/runner/work/WordpressInLaravel/WordpressInLaravel/vendor/laravel/framework/src/Illuminate/Log/LogManager.php(137): Illuminate\\Log\\LogManager->resolve()
#1 /home/runner/work/WordpressInLaravel/WordpressInLaravel/vendor/laravel/framework/src/Illuminate/Log/LogManager.php(124): Illuminate\\Log\\LogManager->get()
#2 /home/runner/work/WordpressInLaravel/WordpressInLaravel/vendor/laravel/framework/src/Illuminate/Log/LogManager.php(681): Illuminate\\Log\\LogManager->driver()
#3 /home/runner/work/WordpressInLaravel/WordpressInLaravel/vendor/laravel/framework/src/Illuminate/Foundation/Exceptions/Handler.php(317): Illuminate\\Log\\LogManager->error()
#4 /home/runner/work/WordpressInLaravel/WordpressInLaravel/vendor/laravel/framework/src/Illuminate/Foundation/Exceptions/Handler.php(278): Illuminate\\Foundation\\Exceptions\\Handler->reportThrowable()
#5 /home/runner/work/WordpressInLaravel/WordpressInLaravel/vendor/nunomaduro/collision/src/Adapters/Laravel/ExceptionHandler.php(46): Illuminate\\Foundation\\Exceptions\\Handler->report()
#6 /home/runner/work/WordpressInLaravel/WordpressInLaravel/vendor/laravel/framework/src/Illuminate/Foundation/Console/Kernel.php(523): NunoMaduro\\Collision\\Adapters\\Laravel\\ExceptionHandler->report()
#7 /home/runner/work/WordpressInLaravel/WordpressInLaravel/vendor/laravel/framework/src/Illuminate/Foundation/Console/Kernel.php(203): Illuminate\\Foundation\\Console\\Kernel->reportException()
#8 /home/runner/work/WordpressInLaravel/WordpressInLaravel/artisan(33): Illuminate\\Foundation\\Console\\Kernel->handle()
#9 {main}
"} 
[2025-12-16 21:46:04] laravel.ERROR: Method Illuminate\Foundation\Console\ClosureCommand::hourly does not exist. {"exception":"[object] (BadMethodCallException(code: 0): Method Illuminate\\Foundation\\Console\\ClosureCommand::hourly does not exist. at /home/runner/work/WordpressInLaravel/WordpressInLaravel/vendor/laravel/framework/src/Illuminate/Macroable/Traits/Macroable.php:112)
[stacktrace]
#0 /home/runner/work/WordpressInLaravel/WordpressInLaravel/routes/console.php(8): Illuminate\\Console\\Command->__call()
#1 /home/runner/work/WordpressInLaravel/WordpressInLaravel/app/Console/Kernel.php(25): require('...')
#2 /home/runner/work/WordpressInLaravel/WordpressInLaravel/vendor/laravel/framework/src/Illuminate/Foundation/Console/Kernel.php(453): App\\Console\\Kernel->commands()
#3 /home/runner/work/WordpressInLaravel/WordpressInLaravel/vendor/laravel/framework/src/Illuminate/Foundation/Console/Kernel.php(199): Illuminate\\Foundation\\Console\\Kernel->bootstrap()
#4 /home/runner/work/WordpressInLaravel/WordpressInLaravel/artisan(33): Illuminate\\Foundation\\Console\\Kernel->handle()
#5 {main}
"} 
